  Source.cpp
c:\users\kosty\source\repos\lab1\lab1\source.cpp(201): warning C4244: 'argument': conversion from '__int64' to 'const char', possible loss of data
c:\users\kosty\source\repos\lab1\lab1\source.cpp(209): warning C4477: 'printf' : format string '%d' requires an argument of type 'int', but variadic argument 1 has type 'size_t'
  c:\users\kosty\source\repos\lab1\lab1\source.cpp(209): note: consider using '%zd' in the format string
c:\users\kosty\source\repos\lab1\lab1\source.cpp(329): warning C4101: 'str': unreferenced local variable
c:\users\kosty\source\repos\lab1\lab1\source.cpp(489): warning C4244: 'return': conversion from 'double' to 'float', possible loss of data
c:\users\kosty\source\repos\lab1\lab1\source.cpp(542): warning C4244: 'initializing': conversion from 'float' to 'size_t', possible loss of data
c:\users\kosty\source\repos\lab1\lab1\source.cpp(542): warning C4244: 'initializing': conversion from 'float' to 'const size_t', possible loss of data
c:\users\kosty\source\repos\lab1\lab1\source.cpp(543): warning C4244: 'initializing': conversion from 'float' to 'size_t', possible loss of data
c:\users\kosty\source\repos\lab1\lab1\source.cpp(543): warning C4244: 'initializing': conversion from 'float' to 'const size_t', possible loss of data
c:\users\kosty\source\repos\lab1\lab1\source.cpp(612): warning C4477: 'printf' : format string '%d' requires an argument of type 'int', but variadic argument 1 has type 'size_t'
  c:\users\kosty\source\repos\lab1\lab1\source.cpp(612): note: consider using '%zd' in the format string
c:\users\kosty\source\repos\lab1\lab1\source.cpp(612): warning C4477: 'printf' : format string '%d' requires an argument of type 'int', but variadic argument 3 has type 'size_t'
  c:\users\kosty\source\repos\lab1\lab1\source.cpp(612): note: consider using '%zd' in the format string
c:\users\kosty\source\repos\lab1\lab1\source.cpp(1013): warning C4244: '=': conversion from 'double' to 'float', possible loss of data
c:\users\kosty\source\repos\lab1\lab1\source.cpp(1005): warning C4477: 'printf' : format string '%d' requires an argument of type 'int', but variadic argument 1 has type 'size_t'
  c:\users\kosty\source\repos\lab1\lab1\source.cpp(1005): note: consider using '%zd' in the format string
c:\users\kosty\source\repos\lab1\lab1\source.cpp(1005): warning C4477: 'printf' : format string '%d' requires an argument of type 'int', but variadic argument 3 has type 'size_t'
  c:\users\kosty\source\repos\lab1\lab1\source.cpp(1005): note: consider using '%zd' in the format string
c:\users\kosty\source\repos\lab1\lab1\source.cpp(1033): warning C4244: 'argument': conversion from 'time_t' to 'unsigned int', possible loss of data
c:\users\kosty\source\repos\lab1\lab1\source.cpp(1034): warning C4129: 'A': unrecognized character escape sequence
  Generating code
  56 of 1552 functions ( 3.6%) were compiled, the rest were copied from previous compilation.
    28 functions were new in current compilation
    116 functions had inline decision re-evaluated but remain unchanged
  Finished generating code
  Lab1.vcxproj -> C:\Users\kosty\source\repos\Lab1\x64\Release\Lab1.exe
